#
# There is insufficient memory for the Java Runtime Environment to continue.
# Native memory allocation (malloc) failed to allocate 259856 bytes for Chunk::new
# Possible reasons:
#   The system is out of physical RAM or swap space
#   The process is running with CompressedOops enabled, and the Java Heap may be blocking the growth of the native heap
# Possible solutions:
#   Reduce memory load on the system
#   Increase physical memory or swap space
#   Check if swap backing store is full
#   Decrease Java heap size (-Xmx/-Xms)
#   Decrease number of Java threads
#   Decrease Java thread stack sizes (-Xss)
#   Set larger code cache with -XX:ReservedCodeCacheSize=
#   JVM is running with Unscaled Compressed Oops mode in which the Java heap is
#     placed in the first 4GB address space. The Java Heap base address is the
#     maximum limit for the native heap growth. Please use -XX:HeapBaseMinAddress
#     to set the Java Heap base and to place the Java Heap above 4GB virtual address.
# This output file may be truncated or incomplete.
#
#  Out of Memory Error (allocation.cpp:389), pid=8388, tid=0x00000000000004d0
#
# JRE version: Java(TM) SE Runtime Environment (8.0_211-b12) (build 1.8.0_211-b12)
# Java VM: Java HotSpot(TM) 64-Bit Server VM (25.211-b12 mixed mode windows-amd64 compressed oops)
# Failed to write core dump. Minidumps are not enabled by default on client versions of Windows
#

---------------  T H R E A D  ---------------

Current thread (0x0000000018dcf800):  JavaThread "C2 CompilerThread0" daemon [_thread_in_native, id=1232, stack(0x000000001a520000,0x000000001a620000)]

Stack: [0x000000001a520000,0x000000001a620000]
[error occurred during error reporting (printing stack bounds), id 0xc0000005]

Native frames: (J=compiled Java code, j=interpreted, Vv=VM code, C=native code)


Current CompileTask:
C2:  17322 1669       4       sun.misc.URLClassPath::getResource (83 bytes)


---------------  P R O C E S S  ---------------

Java Threads: ( => current thread )
  0x000000001b3d5000 JavaThread "Okio Watchdog" daemon [_thread_blocked, id=9356, stack(0x000000001c760000,0x000000001c860000)]
  0x000000001b3f8800 JavaThread "OkHttp ConnectionPool" daemon [_thread_blocked, id=16180, stack(0x000000001c660000,0x000000001c760000)]
  0x000000001b2a2800 JavaThread "Exec Stream Pumper" daemon [_thread_in_native, id=16540, stack(0x000000001c260000,0x000000001c360000)]
  0x000000001b29c000 JavaThread "Exec Stream Pumper" daemon [_thread_in_native, id=2156, stack(0x000000001c160000,0x000000001c260000)]
  0x000000001b2bc000 JavaThread "UrlChecker-2" daemon [_thread_blocked, id=16160, stack(0x000000001bf60000,0x000000001c060000)]
  0x000000001b2bd000 JavaThread "Exec Default Executor" daemon [_thread_in_native, id=11524, stack(0x000000001be60000,0x000000001bf60000)]
  0x000000001a85c000 JavaThread "Service Thread" daemon [_thread_blocked, id=6816, stack(0x000000001ac20000,0x000000001ad20000)]
  0x0000000018ddc000 JavaThread "C1 CompilerThread2" daemon [_thread_in_native, id=15444, stack(0x000000001a720000,0x000000001a820000)]
  0x0000000018dd1800 JavaThread "C2 CompilerThread1" daemon [_thread_blocked, id=14124, stack(0x000000001a620000,0x000000001a720000)]
=>0x0000000018dcf800 JavaThread "C2 CompilerThread0" daemon [_thread_in_native, id=1232, stack(0x000000001a520000,0x000000001a620000)]
  0x0000000018dcc800 JavaThread "Attach Listener" daemon [_thread_blocked, id=9436, stack(0x000000001a420000,0x000000001a520000)]
  0x0000000018dcb800 JavaThread "Signal Dispatcher" daemon [_thread_blocked, id=7208, stack(0x000000001a320000,0x000000001a420000)]
  0x0000000018dba800 JavaThread "Finalizer" daemon [_thread_blocked, id=13144, stack(0x000000001a030000,0x000000001a130000)]
  0x00000000041c1000 JavaThread "Reference Handler" daemon [_thread_blocked, id=15868, stack(0x0000000019f30000,0x000000001a030000)]
  0x000000000428e800 JavaThread "main" [_thread_in_vm, id=2736, stack(0x0000000003f50000,0x0000000004050000)]

Other Threads:
  0x0000000018d97800 VMThread [stack: 0x0000000019e30000,0x0000000019f30000] [id=13996]
  0x000000001a85d000 WatcherThread [stack: 0x000000001ad20000,0x000000001ae20000] [id=13376]

VM state:not at safepoint (normal execution)

VM Mutex/Monitor currently owned by a thread: None

heap address: 0x0000000081a00000, size: 2022 MB, Compressed Oops mode: 32-bit
Narrow klass base: 0x0000000000000000, Narrow klass shift: 3
Compressed class space size: 1073741824 Address: 0x0000000100000000

Heap:
 PSYoungGen      total 38400K, used 35793K [0x00000000d5e00000, 0x00000000d8880000, 0x0000000100000000)
  eden space 33280K, 92% used [0x00000000d5e00000,0x00000000d7bf5708,0x00000000d7e80000)
  from space 5120K, 99% used [0x00000000d7e80000,0x00000000d837f090,0x00000000d8380000)
  to   space 5120K, 0% used [0x00000000d8380000,0x00000000d8380000,0x00000000d8880000)
 ParOldGen       total 87552K, used 1363K [0x0000000081a00000, 0x0000000086f80000, 0x00000000d5e00000)
  object space 87552K, 1% used [0x0000000081a00000,0x0000000081b54d48,0x0000000086f80000)
 Metaspace       used 17427K, capacity 18192K, committed 18432K, reserved 1064960K
  class space    used 2227K, capacity 2446K, committed 2560K, reserved 1048576K

Card table byte_map: [0x0000000013650000,0x0000000013a50000] byte_map_base: 0x0000000013243000

Marking Bits: (ParMarkBitMap*) 0x0000000059bd5ce0
 Begin Bits: [0x0000000014100000, 0x0000000016098000)
 End Bits:   [0x0000000016098000, 0x0000000018030000)

Polling page: 0x00000000001f0000

CodeCache: size=245760Kb used=5571Kb max_used=5578Kb free=240188Kb
 bounds [0x0000000004290000, 0x0000000004810000, 0x0000000013290000]
 total_blobs=2118 nmethods=1688 adapters=342
 compilation: enabled

Compilation events (10 events):
Event: 17.244 Thread 0x0000000018ddc000 1673       3       java.util.Hashtable$Enumerator::hasNext (5 bytes)
Event: 17.244 Thread 0x0000000018ddc000 nmethod 1673 0x00000000047f0650 code [0x00000000047f07c0, 0x00000000047f0968]
Event: 17.245 Thread 0x0000000018ddc000 1674       1       org.testng.internal.TestResult::getStatus (5 bytes)
Event: 17.245 Thread 0x0000000018ddc000 nmethod 1674 0x00000000047e25d0 code [0x00000000047e2720, 0x00000000047e2830]
Event: 17.258 Thread 0x0000000018ddc000 1675       3       java.lang.Math::min (46 bytes)
Event: 17.258 Thread 0x0000000018ddc000 nmethod 1675 0x00000000047f0a10 code [0x00000000047f0b80, 0x00000000047f0ed0]
Event: 17.259 Thread 0x0000000018ddc000 1676       3       java.util.regex.Pattern::compile (406 bytes)
Event: 17.262 Thread 0x0000000018ddc000 nmethod 1676 0x00000000047f0f50 code [0x00000000047f1300, 0x00000000047f3648]
Event: 17.267 Thread 0x0000000018ddc000 1677       1       java.util.Hashtable::access$400 (5 bytes)
Event: 17.267 Thread 0x0000000018ddc000 nmethod 1677 0x00000000047f4490 code [0x00000000047f45e0, 0x00000000047f46d0]

GC Heap History (2 events):
Event: 2.092 GC heap before
{Heap before GC invocations=1 (full 0):
 PSYoungGen      total 38400K, used 33280K [0x00000000d5e00000, 0x00000000d8880000, 0x0000000100000000)
  eden space 33280K, 100% used [0x00000000d5e00000,0x00000000d7e80000,0x00000000d7e80000)
  from space 5120K, 0% used [0x00000000d8380000,0x00000000d8380000,0x00000000d8880000)
  to   space 5120K, 0% used [0x00000000d7e80000,0x00000000d7e80000,0x00000000d8380000)
 ParOldGen       total 87552K, used 0K [0x0000000081a00000, 0x0000000086f80000, 0x00000000d5e00000)
  object space 87552K, 0% used [0x0000000081a00000,0x0000000081a00000,0x0000000086f80000)
 Metaspace       used 12694K, capacity 12976K, committed 13184K, reserved 1060864K
  class space    used 1542K, capacity 1650K, committed 1664K, reserved 1048576K
Event: 2.103 GC heap after
Heap after GC invocations=1 (full 0):
 PSYoungGen      total 38400K, used 5116K [0x00000000d5e00000, 0x00000000d8880000, 0x0000000100000000)
  eden space 33280K, 0% used [0x00000000d5e00000,0x00000000d5e00000,0x00000000d7e80000)
  from space 5120K, 99% used [0x00000000d7e80000,0x00000000d837f090,0x00000000d8380000)
  to   space 5120K, 0% used [0x00000000d8380000,0x00000000d8380000,0x00000000d8880000)
 ParOldGen       total 87552K, used 1363K [0x0000000081a00000, 0x0000000086f80000, 0x00000000d5e00000)
  object space 87552K, 1% used [0x0000000081a00000,0x0000000081b54d48,0x0000000086f80000)
 Metaspace       used 12694K, capacity 12976K, committed 13184K, reserved 1060864K
  class space    used 1542K, capacity 1650K, committed 1664K, reserved 1048576K
}

Deoptimization events (10 events):
Event: 2.863 Thread 0x000000000428e800 Uncommon trap: reason=class_check action=maybe_recompile pc=0x000000000460b9e4 method=java.util.regex.Pattern$Curly.match(Ljava/util/regex/Matcher;ILjava/lang/CharSequence;)Z @ 19
Event: 2.863 Thread 0x000000000428e800 Uncommon trap: reason=class_check action=maybe_recompile pc=0x000000000462bb84 method=java.util.regex.Matcher.search(I)Z @ 86
Event: 2.863 Thread 0x000000000428e800 Uncommon trap: reason=class_check action=maybe_recompile pc=0x000000000462bb84 method=java.util.regex.Matcher.search(I)Z @ 86
Event: 2.863 Thread 0x000000000428e800 Uncommon trap: reason=class_check action=maybe_recompile pc=0x000000000462bb84 method=java.util.regex.Matcher.search(I)Z @ 86
Event: 2.863 Thread 0x000000000428e800 Uncommon trap: reason=class_check action=maybe_recompile pc=0x000000000460b9e4 method=java.util.regex.Pattern$Curly.match(Ljava/util/regex/Matcher;ILjava/lang/CharSequence;)Z @ 19
Event: 2.881 Thread 0x000000000428e800 Uncommon trap: reason=class_check action=maybe_recompile pc=0x000000000460b9e4 method=java.util.regex.Pattern$Curly.match(Ljava/util/regex/Matcher;ILjava/lang/CharSequence;)Z @ 19
Event: 2.881 Thread 0x000000000428e800 Uncommon trap: reason=class_check action=maybe_recompile pc=0x000000000460b9e4 method=java.util.regex.Pattern$Curly.match(Ljava/util/regex/Matcher;ILjava/lang/CharSequence;)Z @ 19
Event: 3.154 Thread 0x000000000428e800 Uncommon trap: reason=unstable_if action=reinterpret pc=0x000000000455cedc method=java.lang.CharacterDataLatin1.digit(II)I @ 82
Event: 9.341 Thread 0x000000000428e800 Uncommon trap: reason=unstable_if action=reinterpret pc=0x0000000004758c50 method=java.util.concurrent.ConcurrentHashMap.get(Ljava/lang/Object;)Ljava/lang/Object; @ 76
Event: 17.233 Thread 0x000000000428e800 Uncommon trap: reason=unstable_if action=reinterpret pc=0x0000000004779e20 method=java.util.regex.Pattern$Slice.match(Ljava/util/regex/Matcher;ILjava/lang/CharSequence;)Z @ 54

Classes redefined (0 events):
No events

Internal exceptions (10 events):
Event: 15.997 Thread 0x000000000428e800 Exception <a 'java/lang/NoSuchMethodError': java.lang.Object.lambda$comparing$77a9974f$1(Ljava/util/function/Function;Ljava/lang/Object;Ljava/lang/Object;)I> (0x00000000d71e3020) thrown at [C:\re\workspace\8-2-build-windows-amd64-cygwin\jdk8u211\12973\hot
Event: 16.016 Thread 0x000000000428e800 Exception <a 'java/lang/reflect/InvocationTargetException'> (0x00000000d722d368) thrown at [C:\re\workspace\8-2-build-windows-amd64-cygwin\jdk8u211\12973\hotspot\src\share\vm\runtime\reflection.cpp, line 1092]
Event: 16.030 Thread 0x000000000428e800 Exception <a 'java/net/SocketTimeoutException': Read timed out> (0x00000000d7262ee0) thrown at [C:\re\workspace\8-2-build-windows-amd64-cygwin\jdk8u211\12973\hotspot\src\share\vm\prims\jni.cpp, line 736]
Event: 16.901 Thread 0x000000000428e800 Exception <a 'java/lang/reflect/InvocationTargetException'> (0x00000000d726a5a0) thrown at [C:\re\workspace\8-2-build-windows-amd64-cygwin\jdk8u211\12973\hotspot\src\share\vm\runtime\reflection.cpp, line 1092]
Event: 16.914 Thread 0x000000000428e800 Exception <a 'java/net/SocketTimeoutException': Read timed out> (0x00000000d72a3208) thrown at [C:\re\workspace\8-2-build-windows-amd64-cygwin\jdk8u211\12973\hotspot\src\share\vm\prims\jni.cpp, line 736]
Event: 16.919 Thread 0x000000000428e800 Exception <a 'java/lang/reflect/InvocationTargetException'> (0x00000000d72c1b70) thrown at [C:\re\workspace\8-2-build-windows-amd64-cygwin\jdk8u211\12973\hotspot\src\share\vm\runtime\reflection.cpp, line 1092]
Event: 16.928 Thread 0x000000000428e800 Exception <a 'java/net/SocketTimeoutException': Read timed out> (0x00000000d7302560) thrown at [C:\re\workspace\8-2-build-windows-amd64-cygwin\jdk8u211\12973\hotspot\src\share\vm\prims\jni.cpp, line 736]
Event: 16.934 Thread 0x000000000428e800 Exception <a 'java/lang/reflect/InvocationTargetException'> (0x00000000d7320d50) thrown at [C:\re\workspace\8-2-build-windows-amd64-cygwin\jdk8u211\12973\hotspot\src\share\vm\runtime\reflection.cpp, line 1092]
Event: 16.950 Thread 0x000000000428e800 Exception <a 'java/net/SocketTimeoutException': Read timed out> (0x00000000d7360c98) thrown at [C:\re\workspace\8-2-build-windows-amd64-cygwin\jdk8u211\12973\hotspot\src\share\vm\prims\jni.cpp, line 736]
Event: 16.954 Thread 0x000000000428e800 Exception <a 'java/lang/reflect/InvocationTargetException'> (0x00000000d737f478) thrown at [C:\re\workspace\8-2-build-windows-amd64-cygwin\jdk8u211\12973\hotspot\src\share\vm\runtime\reflection.cpp, line 1092]

Events (10 events):
Event: 17.232 loading class org/testng/reporters/jq/NavigatorPanel$IResultProvider done
Event: 17.233 Thread 0x000000000428e800 Uncommon trap: trap_request=0xffffff65 fr.pc=0x0000000004779e20
Event: 17.233 Thread 0x000000000428e800 DEOPT PACKING pc=0x0000000004779e20 sp=0x000000000404ed70
Event: 17.233 Thread 0x000000000428e800 DEOPT UNPACKING pc=0x00000000042d583b sp=0x000000000404ed08 mode 2
Event: 17.239 loading class org/testng/reporters/jq/NavigatorPanel$ResultsByStatus
Event: 17.239 loading class org/testng/reporters/jq/NavigatorPanel$ResultsByStatus done
Event: 17.241 loading class org/testng/reporters/jq/NavigatorPanel$BaseResultProvider
Event: 17.241 loading class org/testng/reporters/jq/NavigatorPanel$BaseResultProvider done
Event: 17.255 loading class org/testng/reporters/jq/SuitePanel
Event: 17.255 loading class org/testng/reporters/jq/SuitePanel done


Dynamic libraries:
0x00007ff787110000 - 0x00007ff787147000 	C:\Program Files\Java\jre1.8.0_211\bin\javaw.exe
0x00007ffb47080000 - 0x00007ffb47260000 	C:\WINDOWS\SYSTEM32\ntdll.dll
0x00007ffb3e200000 - 0x00007ffb3e214000 	C:\Program Files\AVG\Antivirus\aswhook.dll
0x00007ffb44550000 - 0x00007ffb445fe000 	C:\WINDOWS\System32\KERNEL32.DLL
0x00007ffb43a10000 - 0x00007ffb43c76000 	C:\WINDOWS\System32\KERNELBASE.dll
0x00007ffb46b20000 - 0x00007ffb46bc1000 	C:\WINDOWS\System32\ADVAPI32.dll
0x00007ffb46bd0000 - 0x00007ffb46c6d000 	C:\WINDOWS\System32\msvcrt.dll
0x00007ffb461c0000 - 0x00007ffb4621b000 	C:\WINDOWS\System32\sechost.dll
0x00007ffb46390000 - 0x00007ffb464af000 	C:\WINDOWS\System32\RPCRT4.dll
0x00007ffb449b0000 - 0x00007ffb44b3f000 	C:\WINDOWS\System32\USER32.dll
0x00007ffb43580000 - 0x00007ffb435a0000 	C:\WINDOWS\System32\win32u.dll
0x00007ffb46a20000 - 0x00007ffb46a48000 	C:\WINDOWS\System32\GDI32.dll
0x00007ffb43770000 - 0x00007ffb43903000 	C:\WINDOWS\System32\gdi32full.dll
0x00007ffb44450000 - 0x00007ffb444eb000 	C:\WINDOWS\System32\msvcp_win.dll
0x00007ffb43910000 - 0x00007ffb43a05000 	C:\WINDOWS\System32\ucrtbase.dll
0x00007ffb39f80000 - 0x00007ffb3a1e9000 	C:\WINDOWS\WinSxS\amd64_microsoft.windows.common-controls_6595b64144ccf1df_6.0.16299.522_none_15c8d6429364b4a0\COMCTL32.dll
0x00007ffb44670000 - 0x00007ffb44977000 	C:\WINDOWS\System32\combase.dll
0x00007ffb43c80000 - 0x00007ffb43cf2000 	C:\WINDOWS\System32\bcryptPrimitives.dll
0x00007ffb44980000 - 0x00007ffb449ad000 	C:\WINDOWS\System32\IMM32.DLL
0x00000000592d0000 - 0x00000000593a2000 	C:\Program Files\Java\jre1.8.0_211\bin\msvcr100.dll
0x00000000593b0000 - 0x0000000059c55000 	C:\Program Files\Java\jre1.8.0_211\bin\server\jvm.dll
0x00007ffb44bc0000 - 0x00007ffb44bc8000 	C:\WINDOWS\System32\PSAPI.DLL
0x00007ffb38890000 - 0x00007ffb38899000 	C:\WINDOWS\SYSTEM32\WSOCK32.dll
0x00007ffb46d70000 - 0x00007ffb46ddc000 	C:\WINDOWS\System32\WS2_32.dll
0x00007ffb40360000 - 0x00007ffb40383000 	C:\WINDOWS\SYSTEM32\WINMM.dll
0x00007ffb3ebd0000 - 0x00007ffb3ebda000 	C:\WINDOWS\SYSTEM32\VERSION.dll
0x00007ffb40330000 - 0x00007ffb4035a000 	C:\WINDOWS\SYSTEM32\WINMMBASE.dll
0x00007ffb43530000 - 0x00007ffb4357a000 	C:\WINDOWS\System32\cfgmgr32.dll
0x00007ffb40080000 - 0x00007ffb4008f000 	C:\Program Files\Java\jre1.8.0_211\bin\verify.dll
0x00007ffb20120000 - 0x00007ffb20149000 	C:\Program Files\Java\jre1.8.0_211\bin\java.dll
0x00007ffb38f80000 - 0x00007ffb38f96000 	C:\Program Files\Java\jre1.8.0_211\bin\zip.dll
0x00007ffb44c30000 - 0x00007ffb46068000 	C:\WINDOWS\System32\SHELL32.dll
0x00007ffb46fa0000 - 0x00007ffb47046000 	C:\WINDOWS\System32\shcore.dll
0x00007ffb43d00000 - 0x00007ffb44447000 	C:\WINDOWS\System32\windows.storage.dll
0x00007ffb44bd0000 - 0x00007ffb44c21000 	C:\WINDOWS\System32\shlwapi.dll
0x00007ffb43420000 - 0x00007ffb43431000 	C:\WINDOWS\System32\kernel.appcore.dll
0x00007ffb433d0000 - 0x00007ffb4341c000 	C:\WINDOWS\System32\powrprof.dll
0x00007ffb43460000 - 0x00007ffb4347b000 	C:\WINDOWS\System32\profapi.dll
0x00007ffb1c600000 - 0x00007ffb1c61a000 	C:\Program Files\Java\jre1.8.0_211\bin\net.dll
0x00007ffb395a0000 - 0x00007ffb3976a000 	C:\WINDOWS\SYSTEM32\urlmon.dll
0x00007ffb46de0000 - 0x00007ffb46dfd000 	C:\WINDOWS\System32\imagehlp.dll
0x00007ffb39300000 - 0x00007ffb39599000 	C:\WINDOWS\SYSTEM32\iertutil.dll
0x00007ffb42de0000 - 0x00007ffb42deb000 	C:\WINDOWS\SYSTEM32\CRYPTBASE.DLL
0x00007ffb42c00000 - 0x00007ffb42c66000 	C:\WINDOWS\system32\mswsock.dll
0x00007ffb429d0000 - 0x00007ffb42a86000 	C:\WINDOWS\SYSTEM32\DNSAPI.dll
0x00007ffb44600000 - 0x00007ffb44608000 	C:\WINDOWS\System32\NSI.dll
0x00007ffb42990000 - 0x00007ffb429c9000 	C:\WINDOWS\SYSTEM32\IPHLPAPI.DLL
0x00007ffb38f60000 - 0x00007ffb38f6a000 	C:\Windows\System32\rasadhlp.dll
0x00007ffb398e0000 - 0x00007ffb39950000 	C:\WINDOWS\System32\fwpuclnt.dll
0x00007ffb42f30000 - 0x00007ffb42f55000 	C:\WINDOWS\SYSTEM32\bcrypt.dll
0x00007ffb42dc0000 - 0x00007ffb42dd7000 	C:\WINDOWS\SYSTEM32\CRYPTSP.dll
0x00007ffb42800000 - 0x00007ffb42833000 	C:\WINDOWS\system32\rsaenh.dll
0x00007ffb432d0000 - 0x00007ffb432f9000 	C:\WINDOWS\SYSTEM32\USERENV.dll
0x00007ffb3b120000 - 0x00007ffb3b136000 	C:\WINDOWS\SYSTEM32\dhcpcsvc6.DLL
0x00007ffb3b470000 - 0x00007ffb3b48a000 	C:\WINDOWS\SYSTEM32\dhcpcsvc.DLL
0x00007ffb1c5e0000 - 0x00007ffb1c5f2000 	C:\Program Files\Java\jre1.8.0_211\bin\nio.dll
0x00007ffb1c4b0000 - 0x00007ffb1c4d4000 	C:\Program Files\Java\jre1.8.0_211\bin\sunec.dll
0x00007ffb3ffa0000 - 0x00007ffb3ffab000 	C:\Program Files\Java\jre1.8.0_211\bin\sunmscapi.dll
0x00007ffb435a0000 - 0x00007ffb4376e000 	C:\WINDOWS\System32\CRYPT32.dll
0x00007ffb43440000 - 0x00007ffb43452000 	C:\WINDOWS\System32\MSASN1.dll
0x00007ffb2ac40000 - 0x00007ffb2ac56000 	C:\WINDOWS\system32\napinsp.dll
0x00007ffb2ac20000 - 0x00007ffb2ac3a000 	C:\WINDOWS\system32\pnrpnsp.dll
0x00007ffb3ff80000 - 0x00007ffb3ff98000 	C:\WINDOWS\system32\NLAapi.dll
0x00007ffb2b790000 - 0x00007ffb2b79e000 	C:\WINDOWS\System32\winrnr.dll
0x00007ffb2ac00000 - 0x00007ffb2ac15000 	C:\WINDOWS\System32\wshbth.dll

VM Arguments:
jvm_args: -ea -Dfile.encoding=Cp1252 
java_command: org.testng.remote.RemoteTestNG -serport 49421 -protocol json -d C:\Users\Pranith\eclipse-workspace\myApplication3\test-output C:\Users\Pranith\AppData\Local\Temp\testng-eclipse--1435020891\testng-customsuite.xml
java_class_path (initial): C:\Users\Pranith\Downloads\eclipse-jee-mars-2-win32-x86_64\eclipse\plugins\org.testng.eclipse_6.9.13.201609291640\lib\testng-remote.jar;C:\Users\Pranith\eclipse-workspace\myApplication3\target\test-classes;C:\Users\Pranith\eclipse-workspace\myApplication3\target\classes;C:\Users\Pranith\Downloads\selenium-server-standalone-3.141.59 (4).jar;C:\Users\Pranith\Downloads\eclipse-jee-mars-2-win32-x86_64\eclipse\plugins\org.testng.eclipse_6.9.13.201609291640\lib\testng.jar;C:\Users\Pranith\Downloads\eclipse-jee-mars-2-win32-x86_64\eclipse\plugins\org.testng.eclipse_6.9.13.201609291640\lib\jcommander.jar;C:\Users\Pranith\Downloads\eclipse-jee-mars-2-win32-x86_64\eclipse\plugins\org.testng.eclipse_6.9.13.201609291640\lib\bsh-2.0b4.jar;C:\Users\Pranith\Downloads\eclipse-jee-mars-2-win32-x86_64\eclipse\plugins\org.testng.eclipse_6.9.13.201609291640\lib\snakeyaml.jar
Launcher Type: SUN_STANDARD

Environment Variables:
PATH=C:/Program Files/Java/jre1.8.0_211/bin/server;C:/Program Files/Java/jre1.8.0_211/bin;C:/Program Files/Java/jre1.8.0_211/lib/amd64;C:\Program Files (x86)\Common Files\Oracle\Java\javapath;C:\Windows\system32;C:\Windows;C:\Windows\System32\Wbem;C:\Windows\System32\WindowsPowerShell\v1.0\;C:\Program Files (x86)\ATI Technologies\ATI.ACE\Core-Static;C:\Program Files (x86)\Microchip\MPLAB C32 Suite\bin;C:\Program Files (x86)\HI-TECH Software\PICC-Lite\9.50\bin;C:\Program Files\SDCC\bin;C:\Program Files (x86)\gputils\bin;C:\Python25\;C:\Program Files (x86)\FreeBASIC;C:\adb;C:\Xilinx91i\bin\nt;C:\WINDOWS\system32;C:\WINDOWS;C:\WINDOWS\System32\Wbem;C:\WINDOWS\System32\WindowsPowerShell\v1.0\;C:\Windows\system32;C:\Windows;C:\Windows\System32\Wbem;C:\Windows\System32\WindowsPowerShell\v1.0\;C:\Program Files (x86)\ATI Technologies\ATI.ACE\Core-Static;C:\Program Files (x86)\Microchip\MPLAB C32 Suite\bin;C:\Program Files (x86)\HI-TECH Software\PICC-Lite\9.50\bin;C:\Program Files\TortoiseSVN\bin;C:\Python25\;C:\Program Files (x86)\FreeBASIC;C:\adb;;C:\Users\Pranith\adb;C:\Users\Pranith\AppData\Local\Microsoft\WindowsApps;C:\Users\Pranith\Downloads\eclipse-jee-mars-2-win32-x86_64\eclipse;
USERNAME=Pranith
OS=Windows_NT
PROCESSOR_IDENTIFIER=Intel64 Family 6 Model 58 Stepping 9, GenuineIntel



---------------  S Y S T E M  ---------------

OS: Windows 10.0 , 64 bit Build 16299 (10.0.16299.431)

CPU:total 4 (initial active 4) (2 cores per cpu, 2 threads per core) family 6 model 58 stepping 9, cmov, cx8, fxsr, mmx, sse, sse2, sse3, ssse3, sse4.1, sse4.2, popcnt, avx, aes, clmul, erms, ht, tsc, tscinvbit, tscinv

Memory: 4k page, physical 8281448k(1781392k free), swap 27599672k(4092k free)

vm_info: Java HotSpot(TM) 64-Bit Server VM (25.211-b12) for windows-amd64 JRE (1.8.0_211-b12), built on Apr  1 2019 20:53:26 by "java_re" with MS VC++ 10.0 (VS2010)

time: Mon Dec 30 15:20:15 2019
timezone: India Standard Time
elapsed time: 17 seconds (0d 0h 0m 17s)

